<?xml version="1.0" encoding="UTF-8"?>
<!-- Generated by org.testng.reporters.JUnitXMLReporter -->
<testsuite ignored="0" hostname="Thanishas-MacBook-Pro.local" failures="0" tests="4" name="test1" time="7.088" errors="0" timestamp="2022-05-25T16:52:42 IST">
  <testcase classname="LoginPageTest" name="@BeforeMethod setUp" time="6.864">
    <failure type="org.openqa.selenium.SessionNotCreatedException" message="Could not start a new session. Response code 500. Message: session not created: This version of ChromeDriver only supports Chrome version 102
Current browser version is 101.0.4951.64 with binary path /Applications/Google Chrome.app/Contents/MacOS/Google Chrome
Build info: version: &amp;apos;4.1.1&amp;apos;, revision: &amp;apos;e8fcc2cecf&amp;apos;
System info: host: &amp;apos;Thanishas-MacBook-Pro.local&amp;apos;, ip: &amp;apos;fe80:0:0:0:1005:becb:ff95:bc05%en0&amp;apos;, os.name: &amp;apos;Mac OS X&amp;apos;, os.arch: &amp;apos;x86_64&amp;apos;, os.version: &amp;apos;12.3.1&amp;apos;, java.version: &amp;apos;18.0.1&amp;apos;
Driver info: org.openqa.selenium.chrome.ChromeDriver
Command: [null, newSession {capabilities=[Capabilities {browserName: chrome, goog:chromeOptions: {args: [--window-size=1920,1080, --start-maximized, --enable-automation, --no-sandbox, --disable-infobars, --disable-dev-shm-usage, --disable-browser-side-navi..., --disable-gpu], extensions: []}}], desiredCapabilities=Capabilities {browserName: chrome, goog:chromeOptions: {args: [--window-size=1920,1080, --start-maximized, --enable-automation, --no-sandbox, --disable-infobars, --disable-dev-shm-usage, --disable-browser-side-navi..., --disable-gpu], extensions: []}}}]">
      <![CDATA[org.openqa.selenium.SessionNotCreatedException: Could not start a new session. Response code 500. Message: session not created: This version of ChromeDriver only supports Chrome version 102
Current browser version is 101.0.4951.64 with binary path /Applications/Google Chrome.app/Contents/MacOS/Google Chrome
Build info: version: '4.1.1', revision: 'e8fcc2cecf'
System info: host: 'Thanishas-MacBook-Pro.local', ip: 'fe80:0:0:0:1005:becb:ff95:bc05%en0', os.name: 'Mac OS X', os.arch: 'x86_64', os.version: '12.3.1', java.version: '18.0.1'
Driver info: org.openqa.selenium.chrome.ChromeDriver
Command: [null, newSession {capabilities=[Capabilities {browserName: chrome, goog:chromeOptions: {args: [--window-size=1920,1080, --start-maximized, --enable-automation, --no-sandbox, --disable-infobars, --disable-dev-shm-usage, --disable-browser-side-navi..., --disable-gpu], extensions: []}}], desiredCapabilities=Capabilities {browserName: chrome, goog:chromeOptions: {args: [--window-size=1920,1080, --start-maximized, --enable-automation, --no-sandbox, --disable-infobars, --disable-dev-shm-usage, --disable-browser-side-navi..., --disable-gpu], extensions: []}}}]
at org.openqa.selenium.remote.ProtocolHandshake.createSession(ProtocolHandshake.java:126)
at org.openqa.selenium.remote.ProtocolHandshake.createSession(ProtocolHandshake.java:84)
at org.openqa.selenium.remote.ProtocolHandshake.createSession(ProtocolHandshake.java:62)
at org.openqa.selenium.remote.HttpCommandExecutor.execute(HttpCommandExecutor.java:156)
at org.openqa.selenium.remote.service.DriverCommandExecutor.invokeExecute(DriverCommandExecutor.java:167)
at org.openqa.selenium.remote.service.DriverCommandExecutor.execute(DriverCommandExecutor.java:142)
at org.openqa.selenium.remote.RemoteWebDriver.execute(RemoteWebDriver.java:543)
at org.openqa.selenium.remote.RemoteWebDriver.startSession(RemoteWebDriver.java:230)
at org.openqa.selenium.remote.RemoteWebDriver.<init>(RemoteWebDriver.java:151)
at org.openqa.selenium.chromium.ChromiumDriver.<init>(ChromiumDriver.java:108)
at org.openqa.selenium.chrome.ChromeDriver.<init>(ChromeDriver.java:104)
at org.openqa.selenium.chrome.ChromeDriver.<init>(ChromeDriver.java:91)
at org.openqa.selenium.chrome.ChromeDriver.<init>(ChromeDriver.java:80)
at base.initialization(base.java:44)
at LoginPageTest.setUp(LoginPageTest.java:18)
at java.base/java.util.ArrayList.forEach(ArrayList.java:1511)
... Removed 32 stack frames]]>
    </failure>
  </testcase> <!-- @BeforeMethod setUp -->
  <testcase classname="LoginPageTest" name="@AfterMethod tearDown" time="-1.653477752326E9">
    <skipped/>
  </testcase> <!-- @AfterMethod tearDown -->
  <testcase classname="LoginPageTest" name="@BeforeMethod setUp" time="-1.653477752329E9">
    <skipped/>
  </testcase> <!-- @BeforeMethod setUp -->
  <testcase classname="LoginPageTest" name="@AfterMethod tearDown" time="-1.653477752332E9">
    <skipped/>
  </testcase> <!-- @AfterMethod tearDown -->
  <testcase classname="LoginPageTest" name="@BeforeMethod setUp" time="-1.653477752333E9">
    <skipped/>
  </testcase> <!-- @BeforeMethod setUp -->
  <testcase classname="LoginPageTest" name="@AfterMethod tearDown" time="-1.653477752336E9">
    <skipped/>
  </testcase> <!-- @AfterMethod tearDown -->
  <testcase classname="LoginPageTest" name="@BeforeMethod setUp" time="-1.653477752337E9">
    <skipped/>
  </testcase> <!-- @BeforeMethod setUp -->
  <testcase classname="LoginPageTest" name="@AfterMethod tearDown" time="-1.65347775234E9">
    <skipped/>
  </testcase> <!-- @AfterMethod tearDown -->
  <testcase classname="LoginPageTest" name="validateDisplayOfShopByCategorySection" time="0.0">
    <skipped/>
  </testcase> <!-- validateDisplayOfShopByCategorySection -->
  <testcase classname="LoginPageTest" name="validateDisplayOfTopBrandsSection" time="0.0">
    <skipped/>
  </testcase> <!-- validateDisplayOfTopBrandsSection -->
  <testcase classname="LoginPageTest" name="validateLoginTest" time="0.0">
    <skipped/>
  </testcase> <!-- validateLoginTest -->
  <testcase classname="LoginPageTest" name="validateLogo" time="0.0">
    <skipped/>
  </testcase> <!-- validateLogo -->
</testsuite> <!-- test1 -->
